<?xml version="1.0" encoding="UTF-8"?>
<!-- Generated by org.testng.reporters.JUnitXMLReporter -->
<testsuite ignored="0" hostname="Nikki" failures="0" tests="3" name="Default test" time="0.037" errors="0" timestamp="2022-08-24T13:12:02 IST">
  <testcase classname="com.testngsuitepractice1st.sample3" name="g" time="0.007"/>
  <testcase classname="com.testngsuitepractice1st.sample3" name="h" time="0.002"/>
  <testcase classname="com.testngsuitepractice1st.sample3" name="i" time="0.001"/>
</testsuite> <!-- Default test -->
