<?xml version="1.0" encoding="UTF-8"?>
<testng-results ignored="0" total="3" passed="3" failed="0" skipped="0">
  <reporter-output>
  </reporter-output>
  <suite started-at="2022-08-24T13:12:02 IST" name="Default suite" finished-at="2022-08-24T13:12:02 IST" duration-ms="37">
    <groups>
      <group name="regression">
        <method signature="sample3.h()[pri:0, instance:com.testngsuitepractice1st.sample3@5939a379]" name="h" class="com.testngsuitepractice1st.sample3"/>
      </group> <!-- regression -->
      <group name="smoke">
        <method signature="sample3.g()[pri:0, instance:com.testngsuitepractice1st.sample3@5939a379]" name="g" class="com.testngsuitepractice1st.sample3"/>
        <method signature="sample3.i()[pri:0, instance:com.testngsuitepractice1st.sample3@5939a379]" name="i" class="com.testngsuitepractice1st.sample3"/>
      </group> <!-- smoke -->
    </groups>
    <test started-at="2022-08-24T13:12:02 IST" name="Default test" finished-at="2022-08-24T13:12:02 IST" duration-ms="37">
      <class name="com.testngsuitepractice1st.sample3">
        <test-method signature="g()[pri:0, instance:com.testngsuitepractice1st.sample3@5939a379]" started-at="2022-08-24T13:12:02 IST" name="g" finished-at="2022-08-24T13:12:02 IST" duration-ms="7" status="PASS">
          <reporter-output>
          </reporter-output>
        </test-method> <!-- g -->
        <test-method signature="h()[pri:0, instance:com.testngsuitepractice1st.sample3@5939a379]" started-at="2022-08-24T13:12:02 IST" name="h" finished-at="2022-08-24T13:12:02 IST" duration-ms="2" status="PASS">
          <reporter-output>
          </reporter-output>
        </test-method> <!-- h -->
        <test-method signature="i()[pri:0, instance:com.testngsuitepractice1st.sample3@5939a379]" started-at="2022-08-24T13:12:02 IST" name="i" finished-at="2022-08-24T13:12:02 IST" duration-ms="1" status="PASS">
          <reporter-output>
          </reporter-output>
        </test-method> <!-- i -->
      </class> <!-- com.testngsuitepractice1st.sample3 -->
    </test> <!-- Default test -->
  </suite> <!-- Default suite -->
</testng-results>
